<?xml version="1.0" encoding="UTF-8"?>
<!-- Generated by org.testng.reporters.JUnitReportReporter -->
<testsuite hostname="DESKTOP-FAKJ6HK" failures="0" tests="1" name="tryme.trytoupload" time="31.079" errors="0" timestamp="2021-06-13T15:45:45 IST" skipped="0">
  <testcase classname="tryme.trytoupload" name="gitimpl" time="31.079"/>
  <system-out/>
</testsuite> <!-- tryme.trytoupload -->
